<?xml version="1.0" encoding="UTF-8"?>
<!-- Generated by org.testng.reporters.JUnitReportReporter -->
<testsuite hostname="IN-8NJ0BK3" failures="0" tests="1" name="com.flipkartTestCases.LoginTestCase" time="33.252" errors="0" timestamp="2023-01-10T16:49:34 IST" skipped="0">
  <testcase classname="com.flipkartTestCases.LoginTestCase" name="testCase01" time="33.252"/>
  <system-out/>
</testsuite> <!-- com.flipkartTestCases.LoginTestCase -->
