<?xml version="1.0" encoding="UTF-8"?>
<!-- Generated by org.testng.reporters.JUnitReportReporter -->
<testsuite hostname="IN-8NJ0BK3" failures="0" tests="1" name="com.flipkartTestCases.AirTicket" time="28.436" errors="0" timestamp="2023-01-10T13:02:11 IST" skipped="0">
  <testcase classname="com.flipkartTestCases.AirTicket" name="testCase04" time="28.436"/>
  <system-out/>
</testsuite> <!-- com.flipkartTestCases.AirTicket -->
