<?xml version="1.0" encoding="UTF-8"?>
<!-- Generated by org.testng.reporters.JUnitReportReporter -->
<testsuite hostname="IN-8NJ0BK3" failures="0" tests="1" name="LoginTestCase" time="24.082" errors="0" timestamp="2023-01-09T13:42:41 IST" skipped="0">
  <testcase classname="LoginTestCase" name="login" time="24.082"/>
  <system-out/>
</testsuite> <!-- LoginTestCase -->
